<?xml version="1.0" encoding="UTF-8" ?>
<testsuite errors="0" failures="0" hostname="DESKTOP-DVTH33E" name="exercicio_1.TesteValores" skipped="0" tests="3" time="0.071" timestamp="2020-02-08T17:44:15">
  <properties>
[...]
</properties>
  <testcase classname="exercicio_1.TesteValores" name="testDel" time="0.001" />
  <testcase classname="exercicio_1.TesteValores" name="testIns" time="0.0" />
  <testcase classname="exercicio_1.TesteValores" name="testSize" time="0.0" />
  <system-out><![CDATA[]]></system-out>
  <system-err><![CDATA[]]></system-err>
</testsuite>
